c:\users\peter\source\repos\pagesmanager\wasalny_\x64\debug\vc143.pdb
c:\users\peter\source\repos\pagesmanager\wasalny_\x64\debug\vc143.idb
c:\users\peter\source\repos\pagesmanager\wasalny_\x64\debug\qrc_wasalny_.obj
c:\users\peter\source\repos\pagesmanager\wasalny_\x64\debug\loginpage.obj
c:\users\peter\source\repos\pagesmanager\wasalny_\x64\debug\homepage.obj
c:\users\peter\source\repos\pagesmanager\wasalny_\x64\debug\regesteration.obj
c:\users\peter\source\repos\pagesmanager\wasalny_\x64\debug\pagesmanager.obj
c:\users\peter\source\repos\pagesmanager\wasalny_\x64\debug\usermanager.obj
c:\users\peter\source\repos\pagesmanager\wasalny_\x64\debug\graph.obj
c:\users\peter\source\repos\pagesmanager\wasalny_\x64\debug\main.obj
c:\users\peter\source\repos\pagesmanager\wasalny_\x64\debug\moc_regesteration.obj
c:\users\peter\source\repos\pagesmanager\wasalny_\x64\debug\moc_loginpage.obj
c:\users\peter\source\repos\pagesmanager\wasalny_\x64\debug\moc_pagesmanager.obj
c:\users\peter\source\repos\pagesmanager\wasalny_\x64\debug\moc_homepage.obj
c:\users\peter\source\repos\pagesmanager\x64\debug\wasalny_.exe
c:\users\peter\source\repos\pagesmanager\x64\debug\wasalny_.pdb
c:\users\peter\source\repos\pagesmanager\wasalny_\x64\debug\qt\moc\moc_homepage.cpp
c:\users\peter\source\repos\pagesmanager\wasalny_\x64\debug\qt\rcc\qrc_wasalny_.cpp
c:\users\peter\source\repos\pagesmanager\wasalny_\x64\debug\qt\uic\ui_regesteration.h
c:\users\peter\source\repos\pagesmanager\wasalny_\x64\debug\qt\uic\ui_homepage.h
c:\users\peter\source\repos\pagesmanager\wasalny_\x64\debug\qt\uic\ui_loginpage.h
c:\users\peter\source\repos\pagesmanager\wasalny_\x64\debug\qt\moc\moc_regesteration.cpp
c:\users\peter\source\repos\pagesmanager\wasalny_\x64\debug\qt\moc\moc_pagesmanager.cpp
c:\users\peter\source\repos\pagesmanager\wasalny_\x64\debug\qt\moc\moc_loginpage.cpp
c:\users\peter\source\repos\pagesmanager\wasalny_\x64\debug\wasalny_.ilk
c:\users\peter\source\repos\pagesmanager\wasalny_\x64\debug\wasalny_.tlog\cl.command.1.tlog
c:\users\peter\source\repos\pagesmanager\wasalny_\x64\debug\wasalny_.tlog\cl.items.tlog
c:\users\peter\source\repos\pagesmanager\wasalny_\x64\debug\wasalny_.tlog\cl.read.1.tlog
c:\users\peter\source\repos\pagesmanager\wasalny_\x64\debug\wasalny_.tlog\cl.write.1.tlog
c:\users\peter\source\repos\pagesmanager\wasalny_\x64\debug\wasalny_.tlog\link.command.1.tlog
c:\users\peter\source\repos\pagesmanager\wasalny_\x64\debug\wasalny_.tlog\link.read.1.tlog
c:\users\peter\source\repos\pagesmanager\wasalny_\x64\debug\wasalny_.tlog\link.secondary.1.tlog
c:\users\peter\source\repos\pagesmanager\wasalny_\x64\debug\wasalny_.tlog\link.write.1.tlog
c:\users\peter\source\repos\pagesmanager\wasalny_\x64\debug\wasalny_.tlog\moc.read.1u.tlog
c:\users\peter\source\repos\pagesmanager\wasalny_\x64\debug\wasalny_.tlog\moc.write.1u.tlog
c:\users\peter\source\repos\pagesmanager\wasalny_\x64\debug\wasalny_.tlog\rcc.read.1u.tlog
c:\users\peter\source\repos\pagesmanager\wasalny_\x64\debug\wasalny_.tlog\rcc.write.1u.tlog
c:\users\peter\source\repos\pagesmanager\wasalny_\x64\debug\wasalny_.tlog\uic.read.1u.tlog
c:\users\peter\source\repos\pagesmanager\wasalny_\x64\debug\wasalny_.tlog\uic.write.1u.tlog
c:\users\peter\source\repos\pagesmanager\wasalny_\x64\debug\wasalny_.tlog\wasalny_.write.1u.tlog
